<?xml version="1.0" encoding="UTF-8"?>
<testsuites name="DDT with PostgreSQL" time="139.932" tests="3" failures="0" errors="0">
   <testsuite name="DDT with PostgreSQL" tests="3" failures="0" errors="0" time="139.932" skipped="0" timestamp="14-12-2024T15:23:41" hostname="fatihij - 192.168.1.23" id="Test Suites/DDT with PostgreSQL">
      <properties>
         <property name="deviceName" value=""/>
         <property name="devicePlatform"/>
         <property name="logFolder" value="/Users/fatihij/git/kat-rnp/Reports/20241214_152256/DDT with PostgreSQL/20241214_152256"/>
         <property name="logFiles" value="/Users/fatihij/git/kat-rnp/Reports/20241214_152256/DDT with PostgreSQL/20241214_152256/execution0.log"/>
         <property name="attachments" value=""/>
         <property name="hostName" value="fatihij - 192.168.1.23"/>
         <property name="os" value="Mac OS X 64bit"/>
         <property name="katalonVersion" value="10.0.0.223"/>
         <property name="dbServerInfo" value="PostgreSQL 17.2 (Postgres.app)"/>
         <property name="browser" value="Firefox 133.0"/>
         <property name="hostAddress" value="192.168.1.23"/>
         <property name="sessionId" value="24a3347e-c2ee-4ad8-bc8c-5aa28464d57d"/>
         <property name="seleniumVersion" value="4.22.0"/>
         <property name="proxyInformation" value="ProxyInformation { proxyOption=NO_PROXY, proxyServerType=HTTP, username=, password=********, proxyServerAddress=, proxyServerPort=0, executionList=&quot;&quot;, isApplyToDesiredCapabilities=true }"/>
         <property name="platform" value="Mac OS X"/>
      </properties>
      <testcase name="Test Cases/Data-Driven Testing/Find a place" time="50.247" classname="Test Cases/Data-Driven Testing/Find a place" status="PASSED">
         <system-out><![CDATA[14-12-2024T15:23:41 - [TEST_CASE][PASSED] - Test Cases/Data-Driven Testing/Find a place: Test Cases/Data-Driven Testing/Find a place

14-12-2024T15:23:41 - [TEST_STEP][PASSED] - verifyCheckpoint(findCheckpoint("Checkpoints/Checkpoint"), false): Checkpoint data and Source data are matched

14-12-2024T15:23:41 - [MESSAGE][PASSED] - Checkpoint data and Source data are matched

14-12-2024T15:23:41 - [TEST_STEP][PASSED] - openBrowser(""): Browser is opened with url: ''

14-12-2024T15:23:41 - [MESSAGE][INFO] - Starting 'Firefox' driver

14-12-2024T15:23:41 - [MESSAGE][INFO] - Action delay is set to 0 milliseconds

14-12-2024T15:23:45 - [MESSAGE][PASSED] - Browser is opened with url: ''

14-12-2024T15:23:45 - [TEST_STEP][PASSED] - navigateToUrl("https://www.airbnb.ie/?locale=en&_set_bev_on_new_domain=1734008142_EAYTk3MmM1MTJhNW"): Navigate to 'https://www.airbnb.ie/?locale=en&_set_bev_on_new_domain=1734008142_EAYTk3MmM1MTJhNW' successfully

14-12-2024T15:23:46 - [MESSAGE][PASSED] - Navigate to 'https://www.airbnb.ie/?locale=en&_set_bev_on_new_domain=1734008142_EAYTk3MmM1MTJhNW' successfully

14-12-2024T15:23:46 - [TEST_STEP][PASSED] - click(findTestObject("Object Repository/Airbnb Pages/Page_Airbnb  Holiday rentals, cabins, beach_81905a/button_Only necessary")): Object: 'Object Repository/Airbnb Pages/Page_Airbnb  Holiday rentals, cabins, beach_81905a/button_Only necessary' is clicked on

14-12-2024T15:23:49 - [MESSAGE][PASSED] - Object: 'Object Repository/Airbnb Pages/Page_Airbnb  Holiday rentals, cabins, beach_81905a/button_Only necessary' is clicked on

14-12-2024T15:23:49 - [TEST_STEP][PASSED] - setText(findTestObject("Object Repository/Airbnb Pages/Page_Airbnb  Holiday rentals, cabins, beach_81905a/input_Where_query"), city): Text 'Brighton' is set on object 'Object Repository/Airbnb Pages/Page_Airbnb  Holiday rentals, cabins, beach_81905a/input_Where_query'

14-12-2024T15:23:49 - [MESSAGE][PASSED] - Text 'Brighton' is set on object 'Object Repository/Airbnb Pages/Page_Airbnb  Holiday rentals, cabins, beach_81905a/input_Where_query'

14-12-2024T15:23:49 - [TEST_STEP][PASSED] - click(findTestObject("Object Repository/Airbnb Pages/Page_Airbnb  Holiday rentals, cabins, beach_81905a/span_City")): Object: 'Object Repository/Airbnb Pages/Page_Airbnb  Holiday rentals, cabins, beach_81905a/span_City' is clicked on

14-12-2024T15:23:51 - [MESSAGE][PASSED] - Object: 'Object Repository/Airbnb Pages/Page_Airbnb  Holiday rentals, cabins, beach_81905a/span_City' is clicked on

14-12-2024T15:23:51 - [TEST_STEP][PASSED] - click(findTestObject("Object Repository/Airbnb Pages/Page_Airbnb  Holiday rentals, cabins, beach_81905a/div_23")): Object: 'Object Repository/Airbnb Pages/Page_Airbnb  Holiday rentals, cabins, beach_81905a/div_23' is clicked on

14-12-2024T15:23:51 - [MESSAGE][PASSED] - Object: 'Object Repository/Airbnb Pages/Page_Airbnb  Holiday rentals, cabins, beach_81905a/div_23' is clicked on

14-12-2024T15:23:51 - [TEST_STEP][PASSED] - click(findTestObject("Object Repository/Airbnb Pages/Page_Airbnb  Holiday rentals, cabins, beach_81905a/svg")): Object: 'Object Repository/Airbnb Pages/Page_Airbnb  Holiday rentals, cabins, beach_81905a/svg' is clicked on

14-12-2024T15:23:52 - [MESSAGE][PASSED] - Object: 'Object Repository/Airbnb Pages/Page_Airbnb  Holiday rentals, cabins, beach_81905a/svg' is clicked on

14-12-2024T15:23:52 - [TEST_STEP][PASSED] - click(findTestObject("Object Repository/Airbnb Pages/Page_Airbnb  Holiday rentals, cabins, beach_81905a/div_29")): Object: 'Object Repository/Airbnb Pages/Page_Airbnb  Holiday rentals, cabins, beach_81905a/div_29' is clicked on

14-12-2024T15:23:52 - [MESSAGE][PASSED] - Object: 'Object Repository/Airbnb Pages/Page_Airbnb  Holiday rentals, cabins, beach_81905a/div_29' is clicked on

14-12-2024T15:23:52 - [TEST_STEP][PASSED] - click(findTestObject("Object Repository/Airbnb Pages/Page_Airbnb  Holiday rentals, cabins, beach_81905a/span_Add guests_t1dqvypu atm_9s_1ulexfb atm_023ad9")): Object: 'Object Repository/Airbnb Pages/Page_Airbnb  Holiday rentals, cabins, beach_81905a/span_Add guests_t1dqvypu atm_9s_1ulexfb atm_023ad9' is clicked on

14-12-2024T15:23:53 - [MESSAGE][PASSED] - Object: 'Object Repository/Airbnb Pages/Page_Airbnb  Holiday rentals, cabins, beach_81905a/span_Add guests_t1dqvypu atm_9s_1ulexfb atm_023ad9' is clicked on

14-12-2024T15:23:53 - [TEST_STEP][PASSED] - click(findTestObject("Object Repository/Airbnb Pages/Page_Airbnb  Galway  Holiday Rentals  Place_8e00a8/span_Learn how we sort results")): Object: 'Object Repository/Airbnb Pages/Page_Airbnb  Galway  Holiday Rentals  Place_8e00a8/span_Learn how we sort results' is clicked on

14-12-2024T15:24:25 - [MESSAGE][PASSED] - Object: 'Object Repository/Airbnb Pages/Page_Airbnb  Galway  Holiday Rentals  Place_8e00a8/span_Learn how we sort results' is clicked on

14-12-2024T15:24:25 - [TEST_STEP][PASSED] - verifyElementText(findTestObject("Object Repository/Airbnb Pages/Page_Airbnb  Galway  Holiday Rentals  Place_8e00a8/span_Learn how we sort results"), "Learn how we sort results"): Actual text and expected text of test object 'Object Repository/Airbnb Pages/Page_Airbnb  Galway  Holiday Rentals  Place_8e00a8/span_Learn how we sort results' are matched.

14-12-2024T15:24:30 - [MESSAGE][PASSED] - Actual text and expected text of test object 'Object Repository/Airbnb Pages/Page_Airbnb  Galway  Holiday Rentals  Place_8e00a8/span_Learn how we sort results' are matched.

14-12-2024T15:24:30 - [TEST_STEP][PASSED] - closeBrowser(): Browser is closed

14-12-2024T15:24:31 - [MESSAGE][PASSED] - Browser is closed]]></system-out>
         <system-err><![CDATA[]]></system-err>
      </testcase>
      <testcase name="Test Cases/Data-Driven Testing/Find a place" time="74.872" classname="Test Cases/Data-Driven Testing/Find a place" status="PASSED">
         <system-out><![CDATA[14-12-2024T15:24:31 - [TEST_CASE][PASSED] - Test Cases/Data-Driven Testing/Find a place: Test Cases/Data-Driven Testing/Find a place

14-12-2024T15:24:31 - [TEST_STEP][PASSED] - verifyCheckpoint(findCheckpoint("Checkpoints/Checkpoint"), false): Checkpoint data and Source data are matched

14-12-2024T15:24:31 - [MESSAGE][PASSED] - Checkpoint data and Source data are matched

14-12-2024T15:24:31 - [TEST_STEP][PASSED] - openBrowser(""): Browser is opened with url: ''

14-12-2024T15:24:31 - [MESSAGE][INFO] - Starting 'Firefox' driver

14-12-2024T15:24:31 - [MESSAGE][INFO] - Action delay is set to 0 milliseconds

14-12-2024T15:24:34 - [MESSAGE][PASSED] - Browser is opened with url: ''

14-12-2024T15:24:34 - [TEST_STEP][PASSED] - navigateToUrl("https://www.airbnb.ie/?locale=en&_set_bev_on_new_domain=1734008142_EAYTk3MmM1MTJhNW"): Navigate to 'https://www.airbnb.ie/?locale=en&_set_bev_on_new_domain=1734008142_EAYTk3MmM1MTJhNW' successfully

14-12-2024T15:24:35 - [MESSAGE][PASSED] - Navigate to 'https://www.airbnb.ie/?locale=en&_set_bev_on_new_domain=1734008142_EAYTk3MmM1MTJhNW' successfully

14-12-2024T15:24:35 - [TEST_STEP][PASSED] - click(findTestObject("Object Repository/Airbnb Pages/Page_Airbnb  Holiday rentals, cabins, beach_81905a/button_Only necessary")): Object: 'Object Repository/Airbnb Pages/Page_Airbnb  Holiday rentals, cabins, beach_81905a/button_Only necessary' is clicked on

14-12-2024T15:24:38 - [MESSAGE][PASSED] - Object: 'Object Repository/Airbnb Pages/Page_Airbnb  Holiday rentals, cabins, beach_81905a/button_Only necessary' is clicked on

14-12-2024T15:24:38 - [TEST_STEP][PASSED] - setText(findTestObject("Object Repository/Airbnb Pages/Page_Airbnb  Holiday rentals, cabins, beach_81905a/input_Where_query"), city): Text 'Belfast' is set on object 'Object Repository/Airbnb Pages/Page_Airbnb  Holiday rentals, cabins, beach_81905a/input_Where_query'

14-12-2024T15:24:39 - [MESSAGE][PASSED] - Text 'Belfast' is set on object 'Object Repository/Airbnb Pages/Page_Airbnb  Holiday rentals, cabins, beach_81905a/input_Where_query'

14-12-2024T15:24:39 - [TEST_STEP][PASSED] - click(findTestObject("Object Repository/Airbnb Pages/Page_Airbnb  Holiday rentals, cabins, beach_81905a/span_City")): Object: 'Object Repository/Airbnb Pages/Page_Airbnb  Holiday rentals, cabins, beach_81905a/span_City' is clicked on

14-12-2024T15:24:40 - [MESSAGE][PASSED] - Object: 'Object Repository/Airbnb Pages/Page_Airbnb  Holiday rentals, cabins, beach_81905a/span_City' is clicked on

14-12-2024T15:24:40 - [TEST_STEP][PASSED] - click(findTestObject("Object Repository/Airbnb Pages/Page_Airbnb  Holiday rentals, cabins, beach_81905a/div_23")): Object: 'Object Repository/Airbnb Pages/Page_Airbnb  Holiday rentals, cabins, beach_81905a/div_23' is clicked on

14-12-2024T15:24:40 - [MESSAGE][PASSED] - Object: 'Object Repository/Airbnb Pages/Page_Airbnb  Holiday rentals, cabins, beach_81905a/div_23' is clicked on

14-12-2024T15:24:40 - [TEST_STEP][PASSED] - click(findTestObject("Object Repository/Airbnb Pages/Page_Airbnb  Holiday rentals, cabins, beach_81905a/svg")): Object: 'Object Repository/Airbnb Pages/Page_Airbnb  Holiday rentals, cabins, beach_81905a/svg' is clicked on

14-12-2024T15:24:41 - [MESSAGE][PASSED] - Object: 'Object Repository/Airbnb Pages/Page_Airbnb  Holiday rentals, cabins, beach_81905a/svg' is clicked on

14-12-2024T15:24:41 - [TEST_STEP][PASSED] - click(findTestObject("Object Repository/Airbnb Pages/Page_Airbnb  Holiday rentals, cabins, beach_81905a/div_29")): Object: 'Object Repository/Airbnb Pages/Page_Airbnb  Holiday rentals, cabins, beach_81905a/div_29' is clicked on

14-12-2024T15:24:42 - [MESSAGE][PASSED] - Object: 'Object Repository/Airbnb Pages/Page_Airbnb  Holiday rentals, cabins, beach_81905a/div_29' is clicked on

14-12-2024T15:24:42 - [TEST_STEP][PASSED] - click(findTestObject("Object Repository/Airbnb Pages/Page_Airbnb  Holiday rentals, cabins, beach_81905a/span_Add guests_t1dqvypu atm_9s_1ulexfb atm_023ad9")): Object: 'Object Repository/Airbnb Pages/Page_Airbnb  Holiday rentals, cabins, beach_81905a/span_Add guests_t1dqvypu atm_9s_1ulexfb atm_023ad9' is clicked on

14-12-2024T15:24:42 - [MESSAGE][PASSED] - Object: 'Object Repository/Airbnb Pages/Page_Airbnb  Holiday rentals, cabins, beach_81905a/span_Add guests_t1dqvypu atm_9s_1ulexfb atm_023ad9' is clicked on

14-12-2024T15:24:42 - [TEST_STEP][PASSED] - click(findTestObject("Object Repository/Airbnb Pages/Page_Airbnb  Galway  Holiday Rentals  Place_8e00a8/span_Learn how we sort results")): Object: 'Object Repository/Airbnb Pages/Page_Airbnb  Galway  Holiday Rentals  Place_8e00a8/span_Learn how we sort results' is clicked on

14-12-2024T15:25:15 - [MESSAGE][PASSED] - Object: 'Object Repository/Airbnb Pages/Page_Airbnb  Galway  Holiday Rentals  Place_8e00a8/span_Learn how we sort results' is clicked on

14-12-2024T15:25:15 - [TEST_STEP][PASSED] - verifyElementText(findTestObject("Object Repository/Airbnb Pages/Page_Airbnb  Galway  Holiday Rentals  Place_8e00a8/span_Learn how we sort results"), "Learn how we sort results"): Actual text and expected text of test object 'Object Repository/Airbnb Pages/Page_Airbnb  Galway  Holiday Rentals  Place_8e00a8/span_Learn how we sort results' are matched.

14-12-2024T15:25:45 - [MESSAGE][PASSED] - Actual text and expected text of test object 'Object Repository/Airbnb Pages/Page_Airbnb  Galway  Holiday Rentals  Place_8e00a8/span_Learn how we sort results' are matched.

14-12-2024T15:25:45 - [TEST_STEP][PASSED] - closeBrowser(): Browser is closed

14-12-2024T15:25:46 - [MESSAGE][PASSED] - Browser is closed]]></system-out>
         <system-err><![CDATA[]]></system-err>
      </testcase>
      <testcase name="Test Cases/Data-Driven Testing/Find a place" time="14.666" classname="Test Cases/Data-Driven Testing/Find a place" status="PASSED">
         <system-out><![CDATA[14-12-2024T15:25:46 - [TEST_CASE][PASSED] - Test Cases/Data-Driven Testing/Find a place: Test Cases/Data-Driven Testing/Find a place

14-12-2024T15:25:46 - [TEST_STEP][PASSED] - verifyCheckpoint(findCheckpoint("Checkpoints/Checkpoint"), false): Checkpoint data and Source data are matched

14-12-2024T15:25:46 - [MESSAGE][PASSED] - Checkpoint data and Source data are matched

14-12-2024T15:25:46 - [TEST_STEP][PASSED] - openBrowser(""): Browser is opened with url: ''

14-12-2024T15:25:46 - [MESSAGE][INFO] - Starting 'Firefox' driver

14-12-2024T15:25:46 - [MESSAGE][INFO] - Action delay is set to 0 milliseconds

14-12-2024T15:25:49 - [MESSAGE][PASSED] - Browser is opened with url: ''

14-12-2024T15:25:49 - [TEST_STEP][PASSED] - navigateToUrl("https://www.airbnb.ie/?locale=en&_set_bev_on_new_domain=1734008142_EAYTk3MmM1MTJhNW"): Navigate to 'https://www.airbnb.ie/?locale=en&_set_bev_on_new_domain=1734008142_EAYTk3MmM1MTJhNW' successfully

14-12-2024T15:25:50 - [MESSAGE][PASSED] - Navigate to 'https://www.airbnb.ie/?locale=en&_set_bev_on_new_domain=1734008142_EAYTk3MmM1MTJhNW' successfully

14-12-2024T15:25:50 - [TEST_STEP][PASSED] - click(findTestObject("Object Repository/Airbnb Pages/Page_Airbnb  Holiday rentals, cabins, beach_81905a/button_Only necessary")): Object: 'Object Repository/Airbnb Pages/Page_Airbnb  Holiday rentals, cabins, beach_81905a/button_Only necessary' is clicked on

14-12-2024T15:25:52 - [MESSAGE][PASSED] - Object: 'Object Repository/Airbnb Pages/Page_Airbnb  Holiday rentals, cabins, beach_81905a/button_Only necessary' is clicked on

14-12-2024T15:25:52 - [TEST_STEP][PASSED] - setText(findTestObject("Object Repository/Airbnb Pages/Page_Airbnb  Holiday rentals, cabins, beach_81905a/input_Where_query"), city): Text 'Bath' is set on object 'Object Repository/Airbnb Pages/Page_Airbnb  Holiday rentals, cabins, beach_81905a/input_Where_query'

14-12-2024T15:25:52 - [MESSAGE][PASSED] - Text 'Bath' is set on object 'Object Repository/Airbnb Pages/Page_Airbnb  Holiday rentals, cabins, beach_81905a/input_Where_query'

14-12-2024T15:25:52 - [TEST_STEP][PASSED] - click(findTestObject("Object Repository/Airbnb Pages/Page_Airbnb  Holiday rentals, cabins, beach_81905a/span_City")): Object: 'Object Repository/Airbnb Pages/Page_Airbnb  Holiday rentals, cabins, beach_81905a/span_City' is clicked on

14-12-2024T15:25:54 - [MESSAGE][PASSED] - Object: 'Object Repository/Airbnb Pages/Page_Airbnb  Holiday rentals, cabins, beach_81905a/span_City' is clicked on

14-12-2024T15:25:54 - [TEST_STEP][PASSED] - click(findTestObject("Object Repository/Airbnb Pages/Page_Airbnb  Holiday rentals, cabins, beach_81905a/div_23")): Object: 'Object Repository/Airbnb Pages/Page_Airbnb  Holiday rentals, cabins, beach_81905a/div_23' is clicked on

14-12-2024T15:25:54 - [MESSAGE][PASSED] - Object: 'Object Repository/Airbnb Pages/Page_Airbnb  Holiday rentals, cabins, beach_81905a/div_23' is clicked on

14-12-2024T15:25:54 - [TEST_STEP][PASSED] - click(findTestObject("Object Repository/Airbnb Pages/Page_Airbnb  Holiday rentals, cabins, beach_81905a/svg")): Object: 'Object Repository/Airbnb Pages/Page_Airbnb  Holiday rentals, cabins, beach_81905a/svg' is clicked on

14-12-2024T15:25:55 - [MESSAGE][PASSED] - Object: 'Object Repository/Airbnb Pages/Page_Airbnb  Holiday rentals, cabins, beach_81905a/svg' is clicked on

14-12-2024T15:25:55 - [TEST_STEP][PASSED] - click(findTestObject("Object Repository/Airbnb Pages/Page_Airbnb  Holiday rentals, cabins, beach_81905a/div_29")): Object: 'Object Repository/Airbnb Pages/Page_Airbnb  Holiday rentals, cabins, beach_81905a/div_29' is clicked on

14-12-2024T15:25:55 - [MESSAGE][PASSED] - Object: 'Object Repository/Airbnb Pages/Page_Airbnb  Holiday rentals, cabins, beach_81905a/div_29' is clicked on

14-12-2024T15:25:55 - [TEST_STEP][PASSED] - click(findTestObject("Object Repository/Airbnb Pages/Page_Airbnb  Holiday rentals, cabins, beach_81905a/span_Add guests_t1dqvypu atm_9s_1ulexfb atm_023ad9")): Object: 'Object Repository/Airbnb Pages/Page_Airbnb  Holiday rentals, cabins, beach_81905a/span_Add guests_t1dqvypu atm_9s_1ulexfb atm_023ad9' is clicked on

14-12-2024T15:25:56 - [MESSAGE][PASSED] - Object: 'Object Repository/Airbnb Pages/Page_Airbnb  Holiday rentals, cabins, beach_81905a/span_Add guests_t1dqvypu atm_9s_1ulexfb atm_023ad9' is clicked on

14-12-2024T15:25:56 - [TEST_STEP][PASSED] - click(findTestObject("Object Repository/Airbnb Pages/Page_Airbnb  Galway  Holiday Rentals  Place_8e00a8/span_Learn how we sort results")): Object: 'Object Repository/Airbnb Pages/Page_Airbnb  Galway  Holiday Rentals  Place_8e00a8/span_Learn how we sort results' is clicked on

14-12-2024T15:25:59 - [MESSAGE][PASSED] - Object: 'Object Repository/Airbnb Pages/Page_Airbnb  Galway  Holiday Rentals  Place_8e00a8/span_Learn how we sort results' is clicked on

14-12-2024T15:25:59 - [TEST_STEP][PASSED] - verifyElementText(findTestObject("Object Repository/Airbnb Pages/Page_Airbnb  Galway  Holiday Rentals  Place_8e00a8/span_Learn how we sort results"), "Learn how we sort results"): Actual text and expected text of test object 'Object Repository/Airbnb Pages/Page_Airbnb  Galway  Holiday Rentals  Place_8e00a8/span_Learn how we sort results' are matched.

14-12-2024T15:26:00 - [MESSAGE][PASSED] - Actual text and expected text of test object 'Object Repository/Airbnb Pages/Page_Airbnb  Galway  Holiday Rentals  Place_8e00a8/span_Learn how we sort results' are matched.

14-12-2024T15:26:00 - [TEST_STEP][PASSED] - closeBrowser(): Browser is closed

14-12-2024T15:26:01 - [MESSAGE][PASSED] - Browser is closed]]></system-out>
         <system-err><![CDATA[]]></system-err>
      </testcase>
      <system-out><![CDATA[14-12-2024T15:23:41 - [TEST_SUITE][PASSED] - DDT with PostgreSQL: Test Cases/Data-Driven Testing/Find a place]]></system-out>
      <system-err><![CDATA[]]></system-err>
   </testsuite>
</testsuites>
