<?xml version="1.0" encoding="UTF-8"?>
<testsuites name="Sanity Checking" time="168.263" tests="3" failures="0" errors="0">
   <testsuite name="Sanity Checking" tests="3" failures="0" errors="0" time="168.263" skipped="0" timestamp="12-12-2024T13:51:24" hostname="fatihij - 192.168.1.23" id="Test Suites/Sanity Checking">
      <properties>
         <property name="deviceName" value=""/>
         <property name="devicePlatform"/>
         <property name="logFolder" value="/Users/fatihij/git/kat-rnp/Reports/20241212_135046/Sanity Checking/20241212_135046"/>
         <property name="logFiles" value="/Users/fatihij/git/kat-rnp/Reports/20241212_135046/Sanity Checking/20241212_135046/execution0.log"/>
         <property name="attachments" value=""/>
         <property name="hostName" value="fatihij - 192.168.1.23"/>
         <property name="os" value="Mac OS X 64bit"/>
         <property name="katalonVersion" value="10.0.0.223"/>
         <property name="browser" value="Firefox 133.0"/>
         <property name="hostAddress" value="192.168.1.23"/>
         <property name="sessionId" value="7102edcd-e054-411b-b3d0-41cc6edb4e14"/>
         <property name="seleniumVersion" value="4.22.0"/>
         <property name="proxyInformation" value="ProxyInformation { proxyOption=NO_PROXY, proxyServerType=HTTP, username=, password=********, proxyServerAddress=, proxyServerPort=0, executionList=&quot;&quot;, isApplyToDesiredCapabilities=true }"/>
         <property name="platform" value="Mac OS X"/>
      </properties>
      <testcase name="Test Cases/Data-Driven Testing/Find a place" time="76.652" classname="Test Cases/Data-Driven Testing/Find a place" status="PASSED">
         <system-out><![CDATA[12-12-2024T13:51:24 - [TEST_CASE][PASSED] - Test Cases/Data-Driven Testing/Find a place: Test Cases/Data-Driven Testing/Find a place

12-12-2024T13:51:24 - [TEST_STEP][PASSED] - openBrowser(""): Browser is opened with url: ''

12-12-2024T13:51:25 - [MESSAGE][INFO] - Starting 'Firefox' driver

12-12-2024T13:51:25 - [MESSAGE][INFO] - Action delay is set to 0 milliseconds

12-12-2024T13:51:29 - [MESSAGE][PASSED] - Browser is opened with url: ''

12-12-2024T13:51:29 - [TEST_STEP][PASSED] - navigateToUrl("https://www.airbnb.ie/?locale=en&_set_bev_on_new_domain=1734008142_EAYTk3MmM1MTJhNW"): Navigate to 'https://www.airbnb.ie/?locale=en&_set_bev_on_new_domain=1734008142_EAYTk3MmM1MTJhNW' successfully

12-12-2024T13:51:30 - [MESSAGE][PASSED] - Navigate to 'https://www.airbnb.ie/?locale=en&_set_bev_on_new_domain=1734008142_EAYTk3MmM1MTJhNW' successfully

12-12-2024T13:51:30 - [TEST_STEP][PASSED] - click(findTestObject("Object Repository/Airbnb Pages/Page_Airbnb  Holiday rentals, cabins, beach_81905a/button_Only necessary")): Object: 'Object Repository/Airbnb Pages/Page_Airbnb  Holiday rentals, cabins, beach_81905a/button_Only necessary' is clicked on

12-12-2024T13:51:33 - [MESSAGE][PASSED] - Object: 'Object Repository/Airbnb Pages/Page_Airbnb  Holiday rentals, cabins, beach_81905a/button_Only necessary' is clicked on

12-12-2024T13:51:33 - [TEST_STEP][PASSED] - setText(findTestObject("Object Repository/Airbnb Pages/Page_Airbnb  Holiday rentals, cabins, beach_81905a/input_Where_query"), city): Text 'Blarney' is set on object 'Object Repository/Airbnb Pages/Page_Airbnb  Holiday rentals, cabins, beach_81905a/input_Where_query'

12-12-2024T13:51:34 - [MESSAGE][PASSED] - Text 'Blarney' is set on object 'Object Repository/Airbnb Pages/Page_Airbnb  Holiday rentals, cabins, beach_81905a/input_Where_query'

12-12-2024T13:51:34 - [TEST_STEP][PASSED] - click(findTestObject("Object Repository/Airbnb Pages/Page_Airbnb  Holiday rentals, cabins, beach_81905a/span_City")): Object: 'Object Repository/Airbnb Pages/Page_Airbnb  Holiday rentals, cabins, beach_81905a/span_City' is clicked on

12-12-2024T13:51:35 - [MESSAGE][PASSED] - Object: 'Object Repository/Airbnb Pages/Page_Airbnb  Holiday rentals, cabins, beach_81905a/span_City' is clicked on

12-12-2024T13:51:35 - [TEST_STEP][PASSED] - click(findTestObject("Object Repository/Airbnb Pages/Page_Airbnb  Holiday rentals, cabins, beach_81905a/div_23")): Object: 'Object Repository/Airbnb Pages/Page_Airbnb  Holiday rentals, cabins, beach_81905a/div_23' is clicked on

12-12-2024T13:51:36 - [MESSAGE][PASSED] - Object: 'Object Repository/Airbnb Pages/Page_Airbnb  Holiday rentals, cabins, beach_81905a/div_23' is clicked on

12-12-2024T13:51:36 - [TEST_STEP][PASSED] - click(findTestObject("Object Repository/Airbnb Pages/Page_Airbnb  Holiday rentals, cabins, beach_81905a/svg")): Object: 'Object Repository/Airbnb Pages/Page_Airbnb  Holiday rentals, cabins, beach_81905a/svg' is clicked on

12-12-2024T13:51:36 - [MESSAGE][PASSED] - Object: 'Object Repository/Airbnb Pages/Page_Airbnb  Holiday rentals, cabins, beach_81905a/svg' is clicked on

12-12-2024T13:51:36 - [TEST_STEP][PASSED] - click(findTestObject("Object Repository/Airbnb Pages/Page_Airbnb  Holiday rentals, cabins, beach_81905a/div_29")): Object: 'Object Repository/Airbnb Pages/Page_Airbnb  Holiday rentals, cabins, beach_81905a/div_29' is clicked on

12-12-2024T13:51:37 - [MESSAGE][PASSED] - Object: 'Object Repository/Airbnb Pages/Page_Airbnb  Holiday rentals, cabins, beach_81905a/div_29' is clicked on

12-12-2024T13:51:37 - [TEST_STEP][PASSED] - click(findTestObject("Object Repository/Airbnb Pages/Page_Airbnb  Holiday rentals, cabins, beach_81905a/span_Add guests_t1dqvypu atm_9s_1ulexfb atm_023ad9")): Object: 'Object Repository/Airbnb Pages/Page_Airbnb  Holiday rentals, cabins, beach_81905a/span_Add guests_t1dqvypu atm_9s_1ulexfb atm_023ad9' is clicked on

12-12-2024T13:51:38 - [MESSAGE][PASSED] - Object: 'Object Repository/Airbnb Pages/Page_Airbnb  Holiday rentals, cabins, beach_81905a/span_Add guests_t1dqvypu atm_9s_1ulexfb atm_023ad9' is clicked on

12-12-2024T13:51:38 - [TEST_STEP][PASSED] - click(findTestObject("Object Repository/Airbnb Pages/Page_Airbnb  Galway  Holiday Rentals  Place_8e00a8/span_Learn how we sort results")): Object: 'Object Repository/Airbnb Pages/Page_Airbnb  Galway  Holiday Rentals  Place_8e00a8/span_Learn how we sort results' is clicked on

12-12-2024T13:52:09 - [MESSAGE][PASSED] - Object: 'Object Repository/Airbnb Pages/Page_Airbnb  Galway  Holiday Rentals  Place_8e00a8/span_Learn how we sort results' is clicked on

12-12-2024T13:52:09 - [TEST_STEP][PASSED] - verifyElementText(findTestObject("Object Repository/Airbnb Pages/Page_Airbnb  Galway  Holiday Rentals  Place_8e00a8/span_Learn how we sort results"), "Learn how we sort results"): Actual text and expected text of test object 'Object Repository/Airbnb Pages/Page_Airbnb  Galway  Holiday Rentals  Place_8e00a8/span_Learn how we sort results' are matched.

12-12-2024T13:52:39 - [MESSAGE][PASSED] - Actual text and expected text of test object 'Object Repository/Airbnb Pages/Page_Airbnb  Galway  Holiday Rentals  Place_8e00a8/span_Learn how we sort results' are matched.

12-12-2024T13:52:39 - [TEST_STEP][PASSED] - closeBrowser(): Browser is closed

12-12-2024T13:52:41 - [MESSAGE][PASSED] - Browser is closed]]></system-out>
         <system-err><![CDATA[]]></system-err>
      </testcase>
      <testcase name="Test Cases/Data-Driven Testing/Find a place" time="16.79" classname="Test Cases/Data-Driven Testing/Find a place" status="PASSED">
         <system-out><![CDATA[12-12-2024T13:52:41 - [TEST_CASE][PASSED] - Test Cases/Data-Driven Testing/Find a place: Test Cases/Data-Driven Testing/Find a place

12-12-2024T13:52:41 - [TEST_STEP][PASSED] - openBrowser(""): Browser is opened with url: ''

12-12-2024T13:52:41 - [MESSAGE][INFO] - Starting 'Firefox' driver

12-12-2024T13:52:41 - [MESSAGE][INFO] - Action delay is set to 0 milliseconds

12-12-2024T13:52:44 - [MESSAGE][PASSED] - Browser is opened with url: ''

12-12-2024T13:52:44 - [TEST_STEP][PASSED] - navigateToUrl("https://www.airbnb.ie/?locale=en&_set_bev_on_new_domain=1734008142_EAYTk3MmM1MTJhNW"): Navigate to 'https://www.airbnb.ie/?locale=en&_set_bev_on_new_domain=1734008142_EAYTk3MmM1MTJhNW' successfully

12-12-2024T13:52:45 - [MESSAGE][PASSED] - Navigate to 'https://www.airbnb.ie/?locale=en&_set_bev_on_new_domain=1734008142_EAYTk3MmM1MTJhNW' successfully

12-12-2024T13:52:45 - [TEST_STEP][PASSED] - click(findTestObject("Object Repository/Airbnb Pages/Page_Airbnb  Holiday rentals, cabins, beach_81905a/button_Only necessary")): Object: 'Object Repository/Airbnb Pages/Page_Airbnb  Holiday rentals, cabins, beach_81905a/button_Only necessary' is clicked on

12-12-2024T13:52:49 - [MESSAGE][PASSED] - Object: 'Object Repository/Airbnb Pages/Page_Airbnb  Holiday rentals, cabins, beach_81905a/button_Only necessary' is clicked on

12-12-2024T13:52:49 - [TEST_STEP][PASSED] - setText(findTestObject("Object Repository/Airbnb Pages/Page_Airbnb  Holiday rentals, cabins, beach_81905a/input_Where_query"), city): Text 'Skibereen' is set on object 'Object Repository/Airbnb Pages/Page_Airbnb  Holiday rentals, cabins, beach_81905a/input_Where_query'

12-12-2024T13:52:49 - [MESSAGE][PASSED] - Text 'Skibereen' is set on object 'Object Repository/Airbnb Pages/Page_Airbnb  Holiday rentals, cabins, beach_81905a/input_Where_query'

12-12-2024T13:52:49 - [TEST_STEP][PASSED] - click(findTestObject("Object Repository/Airbnb Pages/Page_Airbnb  Holiday rentals, cabins, beach_81905a/span_City")): Object: 'Object Repository/Airbnb Pages/Page_Airbnb  Holiday rentals, cabins, beach_81905a/span_City' is clicked on

12-12-2024T13:52:51 - [MESSAGE][PASSED] - Object: 'Object Repository/Airbnb Pages/Page_Airbnb  Holiday rentals, cabins, beach_81905a/span_City' is clicked on

12-12-2024T13:52:51 - [TEST_STEP][PASSED] - click(findTestObject("Object Repository/Airbnb Pages/Page_Airbnb  Holiday rentals, cabins, beach_81905a/div_23")): Object: 'Object Repository/Airbnb Pages/Page_Airbnb  Holiday rentals, cabins, beach_81905a/div_23' is clicked on

12-12-2024T13:52:51 - [MESSAGE][PASSED] - Object: 'Object Repository/Airbnb Pages/Page_Airbnb  Holiday rentals, cabins, beach_81905a/div_23' is clicked on

12-12-2024T13:52:51 - [TEST_STEP][PASSED] - click(findTestObject("Object Repository/Airbnb Pages/Page_Airbnb  Holiday rentals, cabins, beach_81905a/svg")): Object: 'Object Repository/Airbnb Pages/Page_Airbnb  Holiday rentals, cabins, beach_81905a/svg' is clicked on

12-12-2024T13:52:52 - [MESSAGE][PASSED] - Object: 'Object Repository/Airbnb Pages/Page_Airbnb  Holiday rentals, cabins, beach_81905a/svg' is clicked on

12-12-2024T13:52:52 - [TEST_STEP][PASSED] - click(findTestObject("Object Repository/Airbnb Pages/Page_Airbnb  Holiday rentals, cabins, beach_81905a/div_29")): Object: 'Object Repository/Airbnb Pages/Page_Airbnb  Holiday rentals, cabins, beach_81905a/div_29' is clicked on

12-12-2024T13:52:53 - [MESSAGE][PASSED] - Object: 'Object Repository/Airbnb Pages/Page_Airbnb  Holiday rentals, cabins, beach_81905a/div_29' is clicked on

12-12-2024T13:52:53 - [TEST_STEP][PASSED] - click(findTestObject("Object Repository/Airbnb Pages/Page_Airbnb  Holiday rentals, cabins, beach_81905a/span_Add guests_t1dqvypu atm_9s_1ulexfb atm_023ad9")): Object: 'Object Repository/Airbnb Pages/Page_Airbnb  Holiday rentals, cabins, beach_81905a/span_Add guests_t1dqvypu atm_9s_1ulexfb atm_023ad9' is clicked on

12-12-2024T13:52:53 - [MESSAGE][PASSED] - Object: 'Object Repository/Airbnb Pages/Page_Airbnb  Holiday rentals, cabins, beach_81905a/span_Add guests_t1dqvypu atm_9s_1ulexfb atm_023ad9' is clicked on

12-12-2024T13:52:53 - [TEST_STEP][PASSED] - click(findTestObject("Object Repository/Airbnb Pages/Page_Airbnb  Galway  Holiday Rentals  Place_8e00a8/span_Learn how we sort results")): Object: 'Object Repository/Airbnb Pages/Page_Airbnb  Galway  Holiday Rentals  Place_8e00a8/span_Learn how we sort results' is clicked on

12-12-2024T13:52:57 - [MESSAGE][PASSED] - Object: 'Object Repository/Airbnb Pages/Page_Airbnb  Galway  Holiday Rentals  Place_8e00a8/span_Learn how we sort results' is clicked on

12-12-2024T13:52:57 - [TEST_STEP][PASSED] - verifyElementText(findTestObject("Object Repository/Airbnb Pages/Page_Airbnb  Galway  Holiday Rentals  Place_8e00a8/span_Learn how we sort results"), "Learn how we sort results"): Actual text and expected text of test object 'Object Repository/Airbnb Pages/Page_Airbnb  Galway  Holiday Rentals  Place_8e00a8/span_Learn how we sort results' are matched.

12-12-2024T13:52:57 - [MESSAGE][PASSED] - Actual text and expected text of test object 'Object Repository/Airbnb Pages/Page_Airbnb  Galway  Holiday Rentals  Place_8e00a8/span_Learn how we sort results' are matched.

12-12-2024T13:52:57 - [TEST_STEP][PASSED] - closeBrowser(): Browser is closed

12-12-2024T13:52:58 - [MESSAGE][PASSED] - Browser is closed]]></system-out>
         <system-err><![CDATA[]]></system-err>
      </testcase>
      <testcase name="Test Cases/Data-Driven Testing/Find a place" time="74.555" classname="Test Cases/Data-Driven Testing/Find a place" status="PASSED">
         <system-out><![CDATA[12-12-2024T13:52:58 - [TEST_CASE][PASSED] - Test Cases/Data-Driven Testing/Find a place: Test Cases/Data-Driven Testing/Find a place

12-12-2024T13:52:58 - [TEST_STEP][PASSED] - openBrowser(""): Browser is opened with url: ''

12-12-2024T13:52:58 - [MESSAGE][INFO] - Starting 'Firefox' driver

12-12-2024T13:52:58 - [MESSAGE][INFO] - Action delay is set to 0 milliseconds

12-12-2024T13:53:01 - [MESSAGE][PASSED] - Browser is opened with url: ''

12-12-2024T13:53:01 - [TEST_STEP][PASSED] - navigateToUrl("https://www.airbnb.ie/?locale=en&_set_bev_on_new_domain=1734008142_EAYTk3MmM1MTJhNW"): Navigate to 'https://www.airbnb.ie/?locale=en&_set_bev_on_new_domain=1734008142_EAYTk3MmM1MTJhNW' successfully

12-12-2024T13:53:02 - [MESSAGE][PASSED] - Navigate to 'https://www.airbnb.ie/?locale=en&_set_bev_on_new_domain=1734008142_EAYTk3MmM1MTJhNW' successfully

12-12-2024T13:53:02 - [TEST_STEP][PASSED] - click(findTestObject("Object Repository/Airbnb Pages/Page_Airbnb  Holiday rentals, cabins, beach_81905a/button_Only necessary")): Object: 'Object Repository/Airbnb Pages/Page_Airbnb  Holiday rentals, cabins, beach_81905a/button_Only necessary' is clicked on

12-12-2024T13:53:05 - [MESSAGE][PASSED] - Object: 'Object Repository/Airbnb Pages/Page_Airbnb  Holiday rentals, cabins, beach_81905a/button_Only necessary' is clicked on

12-12-2024T13:53:05 - [TEST_STEP][PASSED] - setText(findTestObject("Object Repository/Airbnb Pages/Page_Airbnb  Holiday rentals, cabins, beach_81905a/input_Where_query"), city): Text 'Maynooth' is set on object 'Object Repository/Airbnb Pages/Page_Airbnb  Holiday rentals, cabins, beach_81905a/input_Where_query'

12-12-2024T13:53:05 - [MESSAGE][PASSED] - Text 'Maynooth' is set on object 'Object Repository/Airbnb Pages/Page_Airbnb  Holiday rentals, cabins, beach_81905a/input_Where_query'

12-12-2024T13:53:05 - [TEST_STEP][PASSED] - click(findTestObject("Object Repository/Airbnb Pages/Page_Airbnb  Holiday rentals, cabins, beach_81905a/span_City")): Object: 'Object Repository/Airbnb Pages/Page_Airbnb  Holiday rentals, cabins, beach_81905a/span_City' is clicked on

12-12-2024T13:53:07 - [MESSAGE][PASSED] - Object: 'Object Repository/Airbnb Pages/Page_Airbnb  Holiday rentals, cabins, beach_81905a/span_City' is clicked on

12-12-2024T13:53:07 - [TEST_STEP][PASSED] - click(findTestObject("Object Repository/Airbnb Pages/Page_Airbnb  Holiday rentals, cabins, beach_81905a/div_23")): Object: 'Object Repository/Airbnb Pages/Page_Airbnb  Holiday rentals, cabins, beach_81905a/div_23' is clicked on

12-12-2024T13:53:07 - [MESSAGE][PASSED] - Object: 'Object Repository/Airbnb Pages/Page_Airbnb  Holiday rentals, cabins, beach_81905a/div_23' is clicked on

12-12-2024T13:53:07 - [TEST_STEP][PASSED] - click(findTestObject("Object Repository/Airbnb Pages/Page_Airbnb  Holiday rentals, cabins, beach_81905a/svg")): Object: 'Object Repository/Airbnb Pages/Page_Airbnb  Holiday rentals, cabins, beach_81905a/svg' is clicked on

12-12-2024T13:53:08 - [MESSAGE][PASSED] - Object: 'Object Repository/Airbnb Pages/Page_Airbnb  Holiday rentals, cabins, beach_81905a/svg' is clicked on

12-12-2024T13:53:08 - [TEST_STEP][PASSED] - click(findTestObject("Object Repository/Airbnb Pages/Page_Airbnb  Holiday rentals, cabins, beach_81905a/div_29")): Object: 'Object Repository/Airbnb Pages/Page_Airbnb  Holiday rentals, cabins, beach_81905a/div_29' is clicked on

12-12-2024T13:53:09 - [MESSAGE][PASSED] - Object: 'Object Repository/Airbnb Pages/Page_Airbnb  Holiday rentals, cabins, beach_81905a/div_29' is clicked on

12-12-2024T13:53:09 - [TEST_STEP][PASSED] - click(findTestObject("Object Repository/Airbnb Pages/Page_Airbnb  Holiday rentals, cabins, beach_81905a/span_Add guests_t1dqvypu atm_9s_1ulexfb atm_023ad9")): Object: 'Object Repository/Airbnb Pages/Page_Airbnb  Holiday rentals, cabins, beach_81905a/span_Add guests_t1dqvypu atm_9s_1ulexfb atm_023ad9' is clicked on

12-12-2024T13:53:09 - [MESSAGE][PASSED] - Object: 'Object Repository/Airbnb Pages/Page_Airbnb  Holiday rentals, cabins, beach_81905a/span_Add guests_t1dqvypu atm_9s_1ulexfb atm_023ad9' is clicked on

12-12-2024T13:53:09 - [TEST_STEP][PASSED] - click(findTestObject("Object Repository/Airbnb Pages/Page_Airbnb  Galway  Holiday Rentals  Place_8e00a8/span_Learn how we sort results")): Object: 'Object Repository/Airbnb Pages/Page_Airbnb  Galway  Holiday Rentals  Place_8e00a8/span_Learn how we sort results' is clicked on

12-12-2024T13:53:41 - [MESSAGE][PASSED] - Object: 'Object Repository/Airbnb Pages/Page_Airbnb  Galway  Holiday Rentals  Place_8e00a8/span_Learn how we sort results' is clicked on

12-12-2024T13:53:41 - [TEST_STEP][PASSED] - verifyElementText(findTestObject("Object Repository/Airbnb Pages/Page_Airbnb  Galway  Holiday Rentals  Place_8e00a8/span_Learn how we sort results"), "Learn how we sort results"): Actual text and expected text of test object 'Object Repository/Airbnb Pages/Page_Airbnb  Galway  Holiday Rentals  Place_8e00a8/span_Learn how we sort results' are matched.

12-12-2024T13:54:11 - [MESSAGE][PASSED] - Actual text and expected text of test object 'Object Repository/Airbnb Pages/Page_Airbnb  Galway  Holiday Rentals  Place_8e00a8/span_Learn how we sort results' are matched.

12-12-2024T13:54:11 - [TEST_STEP][PASSED] - closeBrowser(): Browser is closed

12-12-2024T13:54:12 - [MESSAGE][PASSED] - Browser is closed]]></system-out>
         <system-err><![CDATA[]]></system-err>
      </testcase>
      <system-out><![CDATA[12-12-2024T13:51:24 - [TEST_SUITE][PASSED] - Sanity Checking: Test Cases/Data-Driven Testing/Find a place]]></system-out>
      <system-err><![CDATA[]]></system-err>
   </testsuite>
</testsuites>
