<?xml version="1.0" encoding="UTF-8"?>
<testsuites name="Sanity Checking" time="184.671" tests="3" failures="0" errors="0">
   <testsuite name="Sanity Checking" tests="3" failures="0" errors="0" time="184.671" skipped="0" timestamp="12-12-2024T13:51:18" hostname="fatihij - 192.168.1.23" id="Test Suites/Sanity Checking">
      <properties>
         <property name="deviceName" value=""/>
         <property name="devicePlatform"/>
         <property name="logFolder" value="/Users/fatihij/git/kat-rnp/Reports/20241212_135036/Sanity Checking/20241212_135036"/>
         <property name="logFiles" value="/Users/fatihij/git/kat-rnp/Reports/20241212_135036/Sanity Checking/20241212_135036/execution0.log"/>
         <property name="attachments" value=""/>
         <property name="hostName" value="fatihij - 192.168.1.23"/>
         <property name="os" value="Mac OS X 64bit"/>
         <property name="katalonVersion" value="10.0.0.223"/>
         <property name="browser" value="Firefox 133.0"/>
         <property name="hostAddress" value="192.168.1.23"/>
         <property name="sessionId" value="77fc9469-9a86-46f0-bb55-b2a74fb27220"/>
         <property name="seleniumVersion" value="4.22.0"/>
         <property name="proxyInformation" value="ProxyInformation { proxyOption=NO_PROXY, proxyServerType=HTTP, username=, password=********, proxyServerAddress=, proxyServerPort=0, executionList=&quot;&quot;, isApplyToDesiredCapabilities=true }"/>
         <property name="platform" value="Mac OS X"/>
      </properties>
      <testcase name="Test Cases/Data-Driven Testing/Find a place" time="76.773" classname="Test Cases/Data-Driven Testing/Find a place" status="PASSED">
         <system-out><![CDATA[12-12-2024T13:51:18 - [TEST_CASE][PASSED] - Test Cases/Data-Driven Testing/Find a place: Test Cases/Data-Driven Testing/Find a place

12-12-2024T13:51:18 - [TEST_STEP][PASSED] - openBrowser(""): Browser is opened with url: ''

12-12-2024T13:51:19 - [MESSAGE][INFO] - Starting 'Firefox' driver

12-12-2024T13:51:19 - [MESSAGE][INFO] - Action delay is set to 0 milliseconds

12-12-2024T13:51:23 - [MESSAGE][PASSED] - Browser is opened with url: ''

12-12-2024T13:51:23 - [TEST_STEP][PASSED] - navigateToUrl("https://www.airbnb.ie/?locale=en&_set_bev_on_new_domain=1734008142_EAYTk3MmM1MTJhNW"): Navigate to 'https://www.airbnb.ie/?locale=en&_set_bev_on_new_domain=1734008142_EAYTk3MmM1MTJhNW' successfully

12-12-2024T13:51:23 - [MESSAGE][PASSED] - Navigate to 'https://www.airbnb.ie/?locale=en&_set_bev_on_new_domain=1734008142_EAYTk3MmM1MTJhNW' successfully

12-12-2024T13:51:23 - [TEST_STEP][PASSED] - click(findTestObject("Object Repository/Airbnb Pages/Page_Airbnb  Holiday rentals, cabins, beach_81905a/button_Only necessary")): Object: 'Object Repository/Airbnb Pages/Page_Airbnb  Holiday rentals, cabins, beach_81905a/button_Only necessary' is clicked on

12-12-2024T13:51:28 - [MESSAGE][PASSED] - Object: 'Object Repository/Airbnb Pages/Page_Airbnb  Holiday rentals, cabins, beach_81905a/button_Only necessary' is clicked on

12-12-2024T13:51:28 - [TEST_STEP][PASSED] - setText(findTestObject("Object Repository/Airbnb Pages/Page_Airbnb  Holiday rentals, cabins, beach_81905a/input_Where_query"), city): Text 'Blarney' is set on object 'Object Repository/Airbnb Pages/Page_Airbnb  Holiday rentals, cabins, beach_81905a/input_Where_query'

12-12-2024T13:51:29 - [MESSAGE][PASSED] - Text 'Blarney' is set on object 'Object Repository/Airbnb Pages/Page_Airbnb  Holiday rentals, cabins, beach_81905a/input_Where_query'

12-12-2024T13:51:29 - [TEST_STEP][PASSED] - click(findTestObject("Object Repository/Airbnb Pages/Page_Airbnb  Holiday rentals, cabins, beach_81905a/span_City")): Object: 'Object Repository/Airbnb Pages/Page_Airbnb  Holiday rentals, cabins, beach_81905a/span_City' is clicked on

12-12-2024T13:51:30 - [MESSAGE][PASSED] - Object: 'Object Repository/Airbnb Pages/Page_Airbnb  Holiday rentals, cabins, beach_81905a/span_City' is clicked on

12-12-2024T13:51:30 - [TEST_STEP][PASSED] - click(findTestObject("Object Repository/Airbnb Pages/Page_Airbnb  Holiday rentals, cabins, beach_81905a/div_23")): Object: 'Object Repository/Airbnb Pages/Page_Airbnb  Holiday rentals, cabins, beach_81905a/div_23' is clicked on

12-12-2024T13:51:31 - [MESSAGE][PASSED] - Object: 'Object Repository/Airbnb Pages/Page_Airbnb  Holiday rentals, cabins, beach_81905a/div_23' is clicked on

12-12-2024T13:51:31 - [TEST_STEP][PASSED] - click(findTestObject("Object Repository/Airbnb Pages/Page_Airbnb  Holiday rentals, cabins, beach_81905a/svg")): Object: 'Object Repository/Airbnb Pages/Page_Airbnb  Holiday rentals, cabins, beach_81905a/svg' is clicked on

12-12-2024T13:51:31 - [MESSAGE][PASSED] - Object: 'Object Repository/Airbnb Pages/Page_Airbnb  Holiday rentals, cabins, beach_81905a/svg' is clicked on

12-12-2024T13:51:31 - [TEST_STEP][PASSED] - click(findTestObject("Object Repository/Airbnb Pages/Page_Airbnb  Holiday rentals, cabins, beach_81905a/div_29")): Object: 'Object Repository/Airbnb Pages/Page_Airbnb  Holiday rentals, cabins, beach_81905a/div_29' is clicked on

12-12-2024T13:51:32 - [MESSAGE][PASSED] - Object: 'Object Repository/Airbnb Pages/Page_Airbnb  Holiday rentals, cabins, beach_81905a/div_29' is clicked on

12-12-2024T13:51:32 - [TEST_STEP][PASSED] - click(findTestObject("Object Repository/Airbnb Pages/Page_Airbnb  Holiday rentals, cabins, beach_81905a/span_Add guests_t1dqvypu atm_9s_1ulexfb atm_023ad9")): Object: 'Object Repository/Airbnb Pages/Page_Airbnb  Holiday rentals, cabins, beach_81905a/span_Add guests_t1dqvypu atm_9s_1ulexfb atm_023ad9' is clicked on

12-12-2024T13:51:32 - [MESSAGE][PASSED] - Object: 'Object Repository/Airbnb Pages/Page_Airbnb  Holiday rentals, cabins, beach_81905a/span_Add guests_t1dqvypu atm_9s_1ulexfb atm_023ad9' is clicked on

12-12-2024T13:51:32 - [TEST_STEP][PASSED] - click(findTestObject("Object Repository/Airbnb Pages/Page_Airbnb  Galway  Holiday Rentals  Place_8e00a8/span_Learn how we sort results")): Object: 'Object Repository/Airbnb Pages/Page_Airbnb  Galway  Holiday Rentals  Place_8e00a8/span_Learn how we sort results' is clicked on

12-12-2024T13:52:04 - [MESSAGE][PASSED] - Object: 'Object Repository/Airbnb Pages/Page_Airbnb  Galway  Holiday Rentals  Place_8e00a8/span_Learn how we sort results' is clicked on

12-12-2024T13:52:04 - [TEST_STEP][PASSED] - verifyElementText(findTestObject("Object Repository/Airbnb Pages/Page_Airbnb  Galway  Holiday Rentals  Place_8e00a8/span_Learn how we sort results"), "Learn how we sort results"): Actual text and expected text of test object 'Object Repository/Airbnb Pages/Page_Airbnb  Galway  Holiday Rentals  Place_8e00a8/span_Learn how we sort results' are matched.

12-12-2024T13:52:34 - [MESSAGE][PASSED] - Actual text and expected text of test object 'Object Repository/Airbnb Pages/Page_Airbnb  Galway  Holiday Rentals  Place_8e00a8/span_Learn how we sort results' are matched.

12-12-2024T13:52:34 - [TEST_STEP][PASSED] - closeBrowser(): Browser is closed

12-12-2024T13:52:35 - [MESSAGE][PASSED] - Browser is closed]]></system-out>
         <system-err><![CDATA[]]></system-err>
      </testcase>
      <testcase name="Test Cases/Data-Driven Testing/Find a place" time="46.264" classname="Test Cases/Data-Driven Testing/Find a place" status="PASSED">
         <system-out><![CDATA[12-12-2024T13:52:35 - [TEST_CASE][PASSED] - Test Cases/Data-Driven Testing/Find a place: Test Cases/Data-Driven Testing/Find a place

12-12-2024T13:52:35 - [TEST_STEP][PASSED] - openBrowser(""): Browser is opened with url: ''

12-12-2024T13:52:35 - [MESSAGE][INFO] - Starting 'Firefox' driver

12-12-2024T13:52:35 - [MESSAGE][INFO] - Action delay is set to 0 milliseconds

12-12-2024T13:52:38 - [MESSAGE][PASSED] - Browser is opened with url: ''

12-12-2024T13:52:38 - [TEST_STEP][PASSED] - navigateToUrl("https://www.airbnb.ie/?locale=en&_set_bev_on_new_domain=1734008142_EAYTk3MmM1MTJhNW"): Navigate to 'https://www.airbnb.ie/?locale=en&_set_bev_on_new_domain=1734008142_EAYTk3MmM1MTJhNW' successfully

12-12-2024T13:52:39 - [MESSAGE][PASSED] - Navigate to 'https://www.airbnb.ie/?locale=en&_set_bev_on_new_domain=1734008142_EAYTk3MmM1MTJhNW' successfully

12-12-2024T13:52:39 - [TEST_STEP][PASSED] - click(findTestObject("Object Repository/Airbnb Pages/Page_Airbnb  Holiday rentals, cabins, beach_81905a/button_Only necessary")): Object: 'Object Repository/Airbnb Pages/Page_Airbnb  Holiday rentals, cabins, beach_81905a/button_Only necessary' is clicked on

12-12-2024T13:52:43 - [MESSAGE][PASSED] - Object: 'Object Repository/Airbnb Pages/Page_Airbnb  Holiday rentals, cabins, beach_81905a/button_Only necessary' is clicked on

12-12-2024T13:52:43 - [TEST_STEP][PASSED] - setText(findTestObject("Object Repository/Airbnb Pages/Page_Airbnb  Holiday rentals, cabins, beach_81905a/input_Where_query"), city): Text 'Skibereen' is set on object 'Object Repository/Airbnb Pages/Page_Airbnb  Holiday rentals, cabins, beach_81905a/input_Where_query'

12-12-2024T13:52:44 - [MESSAGE][PASSED] - Text 'Skibereen' is set on object 'Object Repository/Airbnb Pages/Page_Airbnb  Holiday rentals, cabins, beach_81905a/input_Where_query'

12-12-2024T13:52:44 - [TEST_STEP][PASSED] - click(findTestObject("Object Repository/Airbnb Pages/Page_Airbnb  Holiday rentals, cabins, beach_81905a/span_City")): Object: 'Object Repository/Airbnb Pages/Page_Airbnb  Holiday rentals, cabins, beach_81905a/span_City' is clicked on

12-12-2024T13:52:45 - [MESSAGE][PASSED] - Object: 'Object Repository/Airbnb Pages/Page_Airbnb  Holiday rentals, cabins, beach_81905a/span_City' is clicked on

12-12-2024T13:52:45 - [TEST_STEP][PASSED] - click(findTestObject("Object Repository/Airbnb Pages/Page_Airbnb  Holiday rentals, cabins, beach_81905a/div_23")): Object: 'Object Repository/Airbnb Pages/Page_Airbnb  Holiday rentals, cabins, beach_81905a/div_23' is clicked on

12-12-2024T13:52:45 - [MESSAGE][PASSED] - Object: 'Object Repository/Airbnb Pages/Page_Airbnb  Holiday rentals, cabins, beach_81905a/div_23' is clicked on

12-12-2024T13:52:45 - [TEST_STEP][PASSED] - click(findTestObject("Object Repository/Airbnb Pages/Page_Airbnb  Holiday rentals, cabins, beach_81905a/svg")): Object: 'Object Repository/Airbnb Pages/Page_Airbnb  Holiday rentals, cabins, beach_81905a/svg' is clicked on

12-12-2024T13:52:46 - [MESSAGE][PASSED] - Object: 'Object Repository/Airbnb Pages/Page_Airbnb  Holiday rentals, cabins, beach_81905a/svg' is clicked on

12-12-2024T13:52:46 - [TEST_STEP][PASSED] - click(findTestObject("Object Repository/Airbnb Pages/Page_Airbnb  Holiday rentals, cabins, beach_81905a/div_29")): Object: 'Object Repository/Airbnb Pages/Page_Airbnb  Holiday rentals, cabins, beach_81905a/div_29' is clicked on

12-12-2024T13:52:47 - [MESSAGE][PASSED] - Object: 'Object Repository/Airbnb Pages/Page_Airbnb  Holiday rentals, cabins, beach_81905a/div_29' is clicked on

12-12-2024T13:52:47 - [TEST_STEP][PASSED] - click(findTestObject("Object Repository/Airbnb Pages/Page_Airbnb  Holiday rentals, cabins, beach_81905a/span_Add guests_t1dqvypu atm_9s_1ulexfb atm_023ad9")): Object: 'Object Repository/Airbnb Pages/Page_Airbnb  Holiday rentals, cabins, beach_81905a/span_Add guests_t1dqvypu atm_9s_1ulexfb atm_023ad9' is clicked on

12-12-2024T13:52:47 - [MESSAGE][PASSED] - Object: 'Object Repository/Airbnb Pages/Page_Airbnb  Holiday rentals, cabins, beach_81905a/span_Add guests_t1dqvypu atm_9s_1ulexfb atm_023ad9' is clicked on

12-12-2024T13:52:47 - [TEST_STEP][PASSED] - click(findTestObject("Object Repository/Airbnb Pages/Page_Airbnb  Galway  Holiday Rentals  Place_8e00a8/span_Learn how we sort results")): Object: 'Object Repository/Airbnb Pages/Page_Airbnb  Galway  Holiday Rentals  Place_8e00a8/span_Learn how we sort results' is clicked on

12-12-2024T13:53:15 - [MESSAGE][PASSED] - Object: 'Object Repository/Airbnb Pages/Page_Airbnb  Galway  Holiday Rentals  Place_8e00a8/span_Learn how we sort results' is clicked on

12-12-2024T13:53:15 - [TEST_STEP][PASSED] - verifyElementText(findTestObject("Object Repository/Airbnb Pages/Page_Airbnb  Galway  Holiday Rentals  Place_8e00a8/span_Learn how we sort results"), "Learn how we sort results"): Actual text and expected text of test object 'Object Repository/Airbnb Pages/Page_Airbnb  Galway  Holiday Rentals  Place_8e00a8/span_Learn how we sort results' are matched.

12-12-2024T13:53:20 - [MESSAGE][PASSED] - Actual text and expected text of test object 'Object Repository/Airbnb Pages/Page_Airbnb  Galway  Holiday Rentals  Place_8e00a8/span_Learn how we sort results' are matched.

12-12-2024T13:53:20 - [TEST_STEP][PASSED] - closeBrowser(): Browser is closed

12-12-2024T13:53:21 - [MESSAGE][PASSED] - Browser is closed]]></system-out>
         <system-err><![CDATA[]]></system-err>
      </testcase>
      <testcase name="Test Cases/Data-Driven Testing/Find a place" time="61.48" classname="Test Cases/Data-Driven Testing/Find a place" status="PASSED">
         <system-out><![CDATA[12-12-2024T13:53:21 - [TEST_CASE][PASSED] - Test Cases/Data-Driven Testing/Find a place: Test Cases/Data-Driven Testing/Find a place

12-12-2024T13:53:21 - [TEST_STEP][PASSED] - openBrowser(""): Browser is opened with url: ''

12-12-2024T13:53:21 - [MESSAGE][INFO] - Starting 'Firefox' driver

12-12-2024T13:53:21 - [MESSAGE][INFO] - Action delay is set to 0 milliseconds

12-12-2024T13:53:25 - [MESSAGE][PASSED] - Browser is opened with url: ''

12-12-2024T13:53:25 - [TEST_STEP][PASSED] - navigateToUrl("https://www.airbnb.ie/?locale=en&_set_bev_on_new_domain=1734008142_EAYTk3MmM1MTJhNW"): Navigate to 'https://www.airbnb.ie/?locale=en&_set_bev_on_new_domain=1734008142_EAYTk3MmM1MTJhNW' successfully

12-12-2024T13:53:26 - [MESSAGE][PASSED] - Navigate to 'https://www.airbnb.ie/?locale=en&_set_bev_on_new_domain=1734008142_EAYTk3MmM1MTJhNW' successfully

12-12-2024T13:53:26 - [TEST_STEP][PASSED] - click(findTestObject("Object Repository/Airbnb Pages/Page_Airbnb  Holiday rentals, cabins, beach_81905a/button_Only necessary")): Object: 'Object Repository/Airbnb Pages/Page_Airbnb  Holiday rentals, cabins, beach_81905a/button_Only necessary' is clicked on

12-12-2024T13:53:29 - [MESSAGE][PASSED] - Object: 'Object Repository/Airbnb Pages/Page_Airbnb  Holiday rentals, cabins, beach_81905a/button_Only necessary' is clicked on

12-12-2024T13:53:29 - [TEST_STEP][PASSED] - setText(findTestObject("Object Repository/Airbnb Pages/Page_Airbnb  Holiday rentals, cabins, beach_81905a/input_Where_query"), city): Text 'Maynooth' is set on object 'Object Repository/Airbnb Pages/Page_Airbnb  Holiday rentals, cabins, beach_81905a/input_Where_query'

12-12-2024T13:53:30 - [MESSAGE][PASSED] - Text 'Maynooth' is set on object 'Object Repository/Airbnb Pages/Page_Airbnb  Holiday rentals, cabins, beach_81905a/input_Where_query'

12-12-2024T13:53:30 - [TEST_STEP][PASSED] - click(findTestObject("Object Repository/Airbnb Pages/Page_Airbnb  Holiday rentals, cabins, beach_81905a/span_City")): Object: 'Object Repository/Airbnb Pages/Page_Airbnb  Holiday rentals, cabins, beach_81905a/span_City' is clicked on

12-12-2024T13:53:31 - [MESSAGE][PASSED] - Object: 'Object Repository/Airbnb Pages/Page_Airbnb  Holiday rentals, cabins, beach_81905a/span_City' is clicked on

12-12-2024T13:53:31 - [TEST_STEP][PASSED] - click(findTestObject("Object Repository/Airbnb Pages/Page_Airbnb  Holiday rentals, cabins, beach_81905a/div_23")): Object: 'Object Repository/Airbnb Pages/Page_Airbnb  Holiday rentals, cabins, beach_81905a/div_23' is clicked on

12-12-2024T13:53:32 - [MESSAGE][PASSED] - Object: 'Object Repository/Airbnb Pages/Page_Airbnb  Holiday rentals, cabins, beach_81905a/div_23' is clicked on

12-12-2024T13:53:32 - [TEST_STEP][PASSED] - click(findTestObject("Object Repository/Airbnb Pages/Page_Airbnb  Holiday rentals, cabins, beach_81905a/svg")): Object: 'Object Repository/Airbnb Pages/Page_Airbnb  Holiday rentals, cabins, beach_81905a/svg' is clicked on

12-12-2024T13:53:32 - [MESSAGE][PASSED] - Object: 'Object Repository/Airbnb Pages/Page_Airbnb  Holiday rentals, cabins, beach_81905a/svg' is clicked on

12-12-2024T13:53:32 - [TEST_STEP][PASSED] - click(findTestObject("Object Repository/Airbnb Pages/Page_Airbnb  Holiday rentals, cabins, beach_81905a/div_29")): Object: 'Object Repository/Airbnb Pages/Page_Airbnb  Holiday rentals, cabins, beach_81905a/div_29' is clicked on

12-12-2024T13:53:33 - [MESSAGE][PASSED] - Object: 'Object Repository/Airbnb Pages/Page_Airbnb  Holiday rentals, cabins, beach_81905a/div_29' is clicked on

12-12-2024T13:53:33 - [TEST_STEP][PASSED] - click(findTestObject("Object Repository/Airbnb Pages/Page_Airbnb  Holiday rentals, cabins, beach_81905a/span_Add guests_t1dqvypu atm_9s_1ulexfb atm_023ad9")): Object: 'Object Repository/Airbnb Pages/Page_Airbnb  Holiday rentals, cabins, beach_81905a/span_Add guests_t1dqvypu atm_9s_1ulexfb atm_023ad9' is clicked on

12-12-2024T13:53:33 - [MESSAGE][PASSED] - Object: 'Object Repository/Airbnb Pages/Page_Airbnb  Holiday rentals, cabins, beach_81905a/span_Add guests_t1dqvypu atm_9s_1ulexfb atm_023ad9' is clicked on

12-12-2024T13:53:33 - [TEST_STEP][PASSED] - click(findTestObject("Object Repository/Airbnb Pages/Page_Airbnb  Galway  Holiday Rentals  Place_8e00a8/span_Learn how we sort results")): Object: 'Object Repository/Airbnb Pages/Page_Airbnb  Galway  Holiday Rentals  Place_8e00a8/span_Learn how we sort results' is clicked on

12-12-2024T13:53:52 - [MESSAGE][PASSED] - Object: 'Object Repository/Airbnb Pages/Page_Airbnb  Galway  Holiday Rentals  Place_8e00a8/span_Learn how we sort results' is clicked on

12-12-2024T13:53:52 - [TEST_STEP][PASSED] - verifyElementText(findTestObject("Object Repository/Airbnb Pages/Page_Airbnb  Galway  Holiday Rentals  Place_8e00a8/span_Learn how we sort results"), "Learn how we sort results"): Actual text and expected text of test object 'Object Repository/Airbnb Pages/Page_Airbnb  Galway  Holiday Rentals  Place_8e00a8/span_Learn how we sort results' are matched.

12-12-2024T13:54:22 - [MESSAGE][PASSED] - Actual text and expected text of test object 'Object Repository/Airbnb Pages/Page_Airbnb  Galway  Holiday Rentals  Place_8e00a8/span_Learn how we sort results' are matched.

12-12-2024T13:54:22 - [TEST_STEP][PASSED] - closeBrowser(): Browser is closed

12-12-2024T13:54:23 - [MESSAGE][PASSED] - Browser is closed]]></system-out>
         <system-err><![CDATA[]]></system-err>
      </testcase>
      <system-out><![CDATA[12-12-2024T13:51:18 - [TEST_SUITE][PASSED] - Sanity Checking: Test Cases/Data-Driven Testing/Find a place]]></system-out>
      <system-err><![CDATA[]]></system-err>
   </testsuite>
</testsuites>
