<?xml version="1.0" encoding="UTF-8"?>
<testsuites name="DDT with PostgreSQL" time="108.122" tests="3" failures="0" errors="0">
   <testsuite name="DDT with PostgreSQL" tests="3" failures="0" errors="0" time="108.122" skipped="0" timestamp="14-12-2024T12:38:38" hostname="fatihij - 192.168.1.23" id="Test Suites/DDT with PostgreSQL">
      <properties>
         <property name="deviceName" value=""/>
         <property name="devicePlatform"/>
         <property name="logFolder" value="/Users/fatihij/git/kat-rnp/Reports/20241214_123754/DDT with PostgreSQL/20241214_123754"/>
         <property name="logFiles" value="/Users/fatihij/git/kat-rnp/Reports/20241214_123754/DDT with PostgreSQL/20241214_123754/execution0.log"/>
         <property name="attachments" value=""/>
         <property name="hostName" value="fatihij - 192.168.1.23"/>
         <property name="os" value="Mac OS X 64bit"/>
         <property name="katalonVersion" value="10.0.0.223"/>
         <property name="dbServerInfo" value="PostgreSQL 17.2 (Postgres.app)"/>
         <property name="browser" value="Firefox 133.0"/>
         <property name="hostAddress" value="192.168.1.23"/>
         <property name="sessionId" value="d9993a50-5f16-4651-91ac-b40ac370d262"/>
         <property name="seleniumVersion" value="4.22.0"/>
         <property name="proxyInformation" value="ProxyInformation { proxyOption=NO_PROXY, proxyServerType=HTTP, username=, password=********, proxyServerAddress=, proxyServerPort=0, executionList=&quot;&quot;, isApplyToDesiredCapabilities=true }"/>
         <property name="platform" value="Mac OS X"/>
      </properties>
      <testcase name="Test Cases/Data-Driven Testing/Find a place" time="17.485" classname="Test Cases/Data-Driven Testing/Find a place" status="PASSED">
         <system-out><![CDATA[14-12-2024T12:38:38 - [TEST_CASE][PASSED] - Test Cases/Data-Driven Testing/Find a place: Test Cases/Data-Driven Testing/Find a place

14-12-2024T12:38:39 - [TEST_STEP][PASSED] - openBrowser(""): Browser is opened with url: ''

14-12-2024T12:38:39 - [MESSAGE][INFO] - Starting 'Firefox' driver

14-12-2024T12:38:39 - [MESSAGE][INFO] - Action delay is set to 0 milliseconds

14-12-2024T12:38:43 - [MESSAGE][PASSED] - Browser is opened with url: ''

14-12-2024T12:38:43 - [TEST_STEP][PASSED] - navigateToUrl("https://www.airbnb.ie/?locale=en&_set_bev_on_new_domain=1734008142_EAYTk3MmM1MTJhNW"): Navigate to 'https://www.airbnb.ie/?locale=en&_set_bev_on_new_domain=1734008142_EAYTk3MmM1MTJhNW' successfully

14-12-2024T12:38:44 - [MESSAGE][PASSED] - Navigate to 'https://www.airbnb.ie/?locale=en&_set_bev_on_new_domain=1734008142_EAYTk3MmM1MTJhNW' successfully

14-12-2024T12:38:44 - [TEST_STEP][PASSED] - click(findTestObject("Object Repository/Airbnb Pages/Page_Airbnb  Holiday rentals, cabins, beach_81905a/button_Only necessary")): Object: 'Object Repository/Airbnb Pages/Page_Airbnb  Holiday rentals, cabins, beach_81905a/button_Only necessary' is clicked on

14-12-2024T12:38:47 - [MESSAGE][PASSED] - Object: 'Object Repository/Airbnb Pages/Page_Airbnb  Holiday rentals, cabins, beach_81905a/button_Only necessary' is clicked on

14-12-2024T12:38:47 - [TEST_STEP][PASSED] - setText(findTestObject("Object Repository/Airbnb Pages/Page_Airbnb  Holiday rentals, cabins, beach_81905a/input_Where_query"), city): Text 'Brighton' is set on object 'Object Repository/Airbnb Pages/Page_Airbnb  Holiday rentals, cabins, beach_81905a/input_Where_query'

14-12-2024T12:38:48 - [MESSAGE][PASSED] - Text 'Brighton' is set on object 'Object Repository/Airbnb Pages/Page_Airbnb  Holiday rentals, cabins, beach_81905a/input_Where_query'

14-12-2024T12:38:48 - [TEST_STEP][PASSED] - click(findTestObject("Object Repository/Airbnb Pages/Page_Airbnb  Holiday rentals, cabins, beach_81905a/span_City")): Object: 'Object Repository/Airbnb Pages/Page_Airbnb  Holiday rentals, cabins, beach_81905a/span_City' is clicked on

14-12-2024T12:38:49 - [MESSAGE][PASSED] - Object: 'Object Repository/Airbnb Pages/Page_Airbnb  Holiday rentals, cabins, beach_81905a/span_City' is clicked on

14-12-2024T12:38:49 - [TEST_STEP][PASSED] - click(findTestObject("Object Repository/Airbnb Pages/Page_Airbnb  Holiday rentals, cabins, beach_81905a/div_23")): Object: 'Object Repository/Airbnb Pages/Page_Airbnb  Holiday rentals, cabins, beach_81905a/div_23' is clicked on

14-12-2024T12:38:50 - [MESSAGE][PASSED] - Object: 'Object Repository/Airbnb Pages/Page_Airbnb  Holiday rentals, cabins, beach_81905a/div_23' is clicked on

14-12-2024T12:38:50 - [TEST_STEP][PASSED] - click(findTestObject("Object Repository/Airbnb Pages/Page_Airbnb  Holiday rentals, cabins, beach_81905a/svg")): Object: 'Object Repository/Airbnb Pages/Page_Airbnb  Holiday rentals, cabins, beach_81905a/svg' is clicked on

14-12-2024T12:38:50 - [MESSAGE][PASSED] - Object: 'Object Repository/Airbnb Pages/Page_Airbnb  Holiday rentals, cabins, beach_81905a/svg' is clicked on

14-12-2024T12:38:50 - [TEST_STEP][PASSED] - click(findTestObject("Object Repository/Airbnb Pages/Page_Airbnb  Holiday rentals, cabins, beach_81905a/div_29")): Object: 'Object Repository/Airbnb Pages/Page_Airbnb  Holiday rentals, cabins, beach_81905a/div_29' is clicked on

14-12-2024T12:38:51 - [MESSAGE][PASSED] - Object: 'Object Repository/Airbnb Pages/Page_Airbnb  Holiday rentals, cabins, beach_81905a/div_29' is clicked on

14-12-2024T12:38:51 - [TEST_STEP][PASSED] - click(findTestObject("Object Repository/Airbnb Pages/Page_Airbnb  Holiday rentals, cabins, beach_81905a/span_Add guests_t1dqvypu atm_9s_1ulexfb atm_023ad9")): Object: 'Object Repository/Airbnb Pages/Page_Airbnb  Holiday rentals, cabins, beach_81905a/span_Add guests_t1dqvypu atm_9s_1ulexfb atm_023ad9' is clicked on

14-12-2024T12:38:51 - [MESSAGE][PASSED] - Object: 'Object Repository/Airbnb Pages/Page_Airbnb  Holiday rentals, cabins, beach_81905a/span_Add guests_t1dqvypu atm_9s_1ulexfb atm_023ad9' is clicked on

14-12-2024T12:38:51 - [TEST_STEP][PASSED] - click(findTestObject("Object Repository/Airbnb Pages/Page_Airbnb  Galway  Holiday Rentals  Place_8e00a8/span_Learn how we sort results")): Object: 'Object Repository/Airbnb Pages/Page_Airbnb  Galway  Holiday Rentals  Place_8e00a8/span_Learn how we sort results' is clicked on

14-12-2024T12:38:55 - [MESSAGE][PASSED] - Object: 'Object Repository/Airbnb Pages/Page_Airbnb  Galway  Holiday Rentals  Place_8e00a8/span_Learn how we sort results' is clicked on

14-12-2024T12:38:55 - [TEST_STEP][PASSED] - verifyElementText(findTestObject("Object Repository/Airbnb Pages/Page_Airbnb  Galway  Holiday Rentals  Place_8e00a8/span_Learn how we sort results"), "Learn how we sort results"): Actual text and expected text of test object 'Object Repository/Airbnb Pages/Page_Airbnb  Galway  Holiday Rentals  Place_8e00a8/span_Learn how we sort results' are matched.

14-12-2024T12:38:55 - [MESSAGE][PASSED] - Actual text and expected text of test object 'Object Repository/Airbnb Pages/Page_Airbnb  Galway  Holiday Rentals  Place_8e00a8/span_Learn how we sort results' are matched.

14-12-2024T12:38:55 - [TEST_STEP][PASSED] - closeBrowser(): Browser is closed

14-12-2024T12:38:56 - [MESSAGE][PASSED] - Browser is closed]]></system-out>
         <system-err><![CDATA[]]></system-err>
      </testcase>
      <testcase name="Test Cases/Data-Driven Testing/Find a place" time="75.065" classname="Test Cases/Data-Driven Testing/Find a place" status="PASSED">
         <system-out><![CDATA[14-12-2024T12:38:56 - [TEST_CASE][PASSED] - Test Cases/Data-Driven Testing/Find a place: Test Cases/Data-Driven Testing/Find a place

14-12-2024T12:38:56 - [TEST_STEP][PASSED] - openBrowser(""): Browser is opened with url: ''

14-12-2024T12:38:56 - [MESSAGE][INFO] - Starting 'Firefox' driver

14-12-2024T12:38:56 - [MESSAGE][INFO] - Action delay is set to 0 milliseconds

14-12-2024T12:38:59 - [MESSAGE][PASSED] - Browser is opened with url: ''

14-12-2024T12:38:59 - [TEST_STEP][PASSED] - navigateToUrl("https://www.airbnb.ie/?locale=en&_set_bev_on_new_domain=1734008142_EAYTk3MmM1MTJhNW"): Navigate to 'https://www.airbnb.ie/?locale=en&_set_bev_on_new_domain=1734008142_EAYTk3MmM1MTJhNW' successfully

14-12-2024T12:38:59 - [MESSAGE][PASSED] - Navigate to 'https://www.airbnb.ie/?locale=en&_set_bev_on_new_domain=1734008142_EAYTk3MmM1MTJhNW' successfully

14-12-2024T12:38:59 - [TEST_STEP][PASSED] - click(findTestObject("Object Repository/Airbnb Pages/Page_Airbnb  Holiday rentals, cabins, beach_81905a/button_Only necessary")): Object: 'Object Repository/Airbnb Pages/Page_Airbnb  Holiday rentals, cabins, beach_81905a/button_Only necessary' is clicked on

14-12-2024T12:39:03 - [MESSAGE][PASSED] - Object: 'Object Repository/Airbnb Pages/Page_Airbnb  Holiday rentals, cabins, beach_81905a/button_Only necessary' is clicked on

14-12-2024T12:39:03 - [TEST_STEP][PASSED] - setText(findTestObject("Object Repository/Airbnb Pages/Page_Airbnb  Holiday rentals, cabins, beach_81905a/input_Where_query"), city): Text 'Belfast' is set on object 'Object Repository/Airbnb Pages/Page_Airbnb  Holiday rentals, cabins, beach_81905a/input_Where_query'

14-12-2024T12:39:04 - [MESSAGE][PASSED] - Text 'Belfast' is set on object 'Object Repository/Airbnb Pages/Page_Airbnb  Holiday rentals, cabins, beach_81905a/input_Where_query'

14-12-2024T12:39:04 - [TEST_STEP][PASSED] - click(findTestObject("Object Repository/Airbnb Pages/Page_Airbnb  Holiday rentals, cabins, beach_81905a/span_City")): Object: 'Object Repository/Airbnb Pages/Page_Airbnb  Holiday rentals, cabins, beach_81905a/span_City' is clicked on

14-12-2024T12:39:05 - [MESSAGE][PASSED] - Object: 'Object Repository/Airbnb Pages/Page_Airbnb  Holiday rentals, cabins, beach_81905a/span_City' is clicked on

14-12-2024T12:39:05 - [TEST_STEP][PASSED] - click(findTestObject("Object Repository/Airbnb Pages/Page_Airbnb  Holiday rentals, cabins, beach_81905a/div_23")): Object: 'Object Repository/Airbnb Pages/Page_Airbnb  Holiday rentals, cabins, beach_81905a/div_23' is clicked on

14-12-2024T12:39:06 - [MESSAGE][PASSED] - Object: 'Object Repository/Airbnb Pages/Page_Airbnb  Holiday rentals, cabins, beach_81905a/div_23' is clicked on

14-12-2024T12:39:06 - [TEST_STEP][PASSED] - click(findTestObject("Object Repository/Airbnb Pages/Page_Airbnb  Holiday rentals, cabins, beach_81905a/svg")): Object: 'Object Repository/Airbnb Pages/Page_Airbnb  Holiday rentals, cabins, beach_81905a/svg' is clicked on

14-12-2024T12:39:07 - [MESSAGE][PASSED] - Object: 'Object Repository/Airbnb Pages/Page_Airbnb  Holiday rentals, cabins, beach_81905a/svg' is clicked on

14-12-2024T12:39:07 - [TEST_STEP][PASSED] - click(findTestObject("Object Repository/Airbnb Pages/Page_Airbnb  Holiday rentals, cabins, beach_81905a/div_29")): Object: 'Object Repository/Airbnb Pages/Page_Airbnb  Holiday rentals, cabins, beach_81905a/div_29' is clicked on

14-12-2024T12:39:07 - [MESSAGE][PASSED] - Object: 'Object Repository/Airbnb Pages/Page_Airbnb  Holiday rentals, cabins, beach_81905a/div_29' is clicked on

14-12-2024T12:39:07 - [TEST_STEP][PASSED] - click(findTestObject("Object Repository/Airbnb Pages/Page_Airbnb  Holiday rentals, cabins, beach_81905a/span_Add guests_t1dqvypu atm_9s_1ulexfb atm_023ad9")): Object: 'Object Repository/Airbnb Pages/Page_Airbnb  Holiday rentals, cabins, beach_81905a/span_Add guests_t1dqvypu atm_9s_1ulexfb atm_023ad9' is clicked on

14-12-2024T12:39:08 - [MESSAGE][PASSED] - Object: 'Object Repository/Airbnb Pages/Page_Airbnb  Holiday rentals, cabins, beach_81905a/span_Add guests_t1dqvypu atm_9s_1ulexfb atm_023ad9' is clicked on

14-12-2024T12:39:08 - [TEST_STEP][PASSED] - click(findTestObject("Object Repository/Airbnb Pages/Page_Airbnb  Galway  Holiday Rentals  Place_8e00a8/span_Learn how we sort results")): Object: 'Object Repository/Airbnb Pages/Page_Airbnb  Galway  Holiday Rentals  Place_8e00a8/span_Learn how we sort results' is clicked on

14-12-2024T12:39:40 - [MESSAGE][PASSED] - Object: 'Object Repository/Airbnb Pages/Page_Airbnb  Galway  Holiday Rentals  Place_8e00a8/span_Learn how we sort results' is clicked on

14-12-2024T12:39:40 - [TEST_STEP][PASSED] - verifyElementText(findTestObject("Object Repository/Airbnb Pages/Page_Airbnb  Galway  Holiday Rentals  Place_8e00a8/span_Learn how we sort results"), "Learn how we sort results"): Actual text and expected text of test object 'Object Repository/Airbnb Pages/Page_Airbnb  Galway  Holiday Rentals  Place_8e00a8/span_Learn how we sort results' are matched.

14-12-2024T12:40:10 - [MESSAGE][PASSED] - Actual text and expected text of test object 'Object Repository/Airbnb Pages/Page_Airbnb  Galway  Holiday Rentals  Place_8e00a8/span_Learn how we sort results' are matched.

14-12-2024T12:40:10 - [TEST_STEP][PASSED] - closeBrowser(): Browser is closed

14-12-2024T12:40:11 - [MESSAGE][PASSED] - Browser is closed]]></system-out>
         <system-err><![CDATA[]]></system-err>
      </testcase>
      <testcase name="Test Cases/Data-Driven Testing/Find a place" time="15.414" classname="Test Cases/Data-Driven Testing/Find a place" status="PASSED">
         <system-out><![CDATA[14-12-2024T12:40:11 - [TEST_CASE][PASSED] - Test Cases/Data-Driven Testing/Find a place: Test Cases/Data-Driven Testing/Find a place

14-12-2024T12:40:11 - [TEST_STEP][PASSED] - openBrowser(""): Browser is opened with url: ''

14-12-2024T12:40:11 - [MESSAGE][INFO] - Starting 'Firefox' driver

14-12-2024T12:40:11 - [MESSAGE][INFO] - Action delay is set to 0 milliseconds

14-12-2024T12:40:14 - [MESSAGE][PASSED] - Browser is opened with url: ''

14-12-2024T12:40:14 - [TEST_STEP][PASSED] - navigateToUrl("https://www.airbnb.ie/?locale=en&_set_bev_on_new_domain=1734008142_EAYTk3MmM1MTJhNW"): Navigate to 'https://www.airbnb.ie/?locale=en&_set_bev_on_new_domain=1734008142_EAYTk3MmM1MTJhNW' successfully

14-12-2024T12:40:14 - [MESSAGE][PASSED] - Navigate to 'https://www.airbnb.ie/?locale=en&_set_bev_on_new_domain=1734008142_EAYTk3MmM1MTJhNW' successfully

14-12-2024T12:40:14 - [TEST_STEP][PASSED] - click(findTestObject("Object Repository/Airbnb Pages/Page_Airbnb  Holiday rentals, cabins, beach_81905a/button_Only necessary")): Object: 'Object Repository/Airbnb Pages/Page_Airbnb  Holiday rentals, cabins, beach_81905a/button_Only necessary' is clicked on

14-12-2024T12:40:18 - [MESSAGE][PASSED] - Object: 'Object Repository/Airbnb Pages/Page_Airbnb  Holiday rentals, cabins, beach_81905a/button_Only necessary' is clicked on

14-12-2024T12:40:18 - [TEST_STEP][PASSED] - setText(findTestObject("Object Repository/Airbnb Pages/Page_Airbnb  Holiday rentals, cabins, beach_81905a/input_Where_query"), city): Text 'Bath' is set on object 'Object Repository/Airbnb Pages/Page_Airbnb  Holiday rentals, cabins, beach_81905a/input_Where_query'

14-12-2024T12:40:18 - [MESSAGE][PASSED] - Text 'Bath' is set on object 'Object Repository/Airbnb Pages/Page_Airbnb  Holiday rentals, cabins, beach_81905a/input_Where_query'

14-12-2024T12:40:18 - [TEST_STEP][PASSED] - click(findTestObject("Object Repository/Airbnb Pages/Page_Airbnb  Holiday rentals, cabins, beach_81905a/span_City")): Object: 'Object Repository/Airbnb Pages/Page_Airbnb  Holiday rentals, cabins, beach_81905a/span_City' is clicked on

14-12-2024T12:40:20 - [MESSAGE][PASSED] - Object: 'Object Repository/Airbnb Pages/Page_Airbnb  Holiday rentals, cabins, beach_81905a/span_City' is clicked on

14-12-2024T12:40:20 - [TEST_STEP][PASSED] - click(findTestObject("Object Repository/Airbnb Pages/Page_Airbnb  Holiday rentals, cabins, beach_81905a/div_23")): Object: 'Object Repository/Airbnb Pages/Page_Airbnb  Holiday rentals, cabins, beach_81905a/div_23' is clicked on

14-12-2024T12:40:20 - [MESSAGE][PASSED] - Object: 'Object Repository/Airbnb Pages/Page_Airbnb  Holiday rentals, cabins, beach_81905a/div_23' is clicked on

14-12-2024T12:40:20 - [TEST_STEP][PASSED] - click(findTestObject("Object Repository/Airbnb Pages/Page_Airbnb  Holiday rentals, cabins, beach_81905a/svg")): Object: 'Object Repository/Airbnb Pages/Page_Airbnb  Holiday rentals, cabins, beach_81905a/svg' is clicked on

14-12-2024T12:40:21 - [MESSAGE][PASSED] - Object: 'Object Repository/Airbnb Pages/Page_Airbnb  Holiday rentals, cabins, beach_81905a/svg' is clicked on

14-12-2024T12:40:21 - [TEST_STEP][PASSED] - click(findTestObject("Object Repository/Airbnb Pages/Page_Airbnb  Holiday rentals, cabins, beach_81905a/div_29")): Object: 'Object Repository/Airbnb Pages/Page_Airbnb  Holiday rentals, cabins, beach_81905a/div_29' is clicked on

14-12-2024T12:40:21 - [MESSAGE][PASSED] - Object: 'Object Repository/Airbnb Pages/Page_Airbnb  Holiday rentals, cabins, beach_81905a/div_29' is clicked on

14-12-2024T12:40:21 - [TEST_STEP][PASSED] - click(findTestObject("Object Repository/Airbnb Pages/Page_Airbnb  Holiday rentals, cabins, beach_81905a/span_Add guests_t1dqvypu atm_9s_1ulexfb atm_023ad9")): Object: 'Object Repository/Airbnb Pages/Page_Airbnb  Holiday rentals, cabins, beach_81905a/span_Add guests_t1dqvypu atm_9s_1ulexfb atm_023ad9' is clicked on

14-12-2024T12:40:22 - [MESSAGE][PASSED] - Object: 'Object Repository/Airbnb Pages/Page_Airbnb  Holiday rentals, cabins, beach_81905a/span_Add guests_t1dqvypu atm_9s_1ulexfb atm_023ad9' is clicked on

14-12-2024T12:40:22 - [TEST_STEP][PASSED] - click(findTestObject("Object Repository/Airbnb Pages/Page_Airbnb  Galway  Holiday Rentals  Place_8e00a8/span_Learn how we sort results")): Object: 'Object Repository/Airbnb Pages/Page_Airbnb  Galway  Holiday Rentals  Place_8e00a8/span_Learn how we sort results' is clicked on

14-12-2024T12:40:25 - [MESSAGE][PASSED] - Object: 'Object Repository/Airbnb Pages/Page_Airbnb  Galway  Holiday Rentals  Place_8e00a8/span_Learn how we sort results' is clicked on

14-12-2024T12:40:25 - [TEST_STEP][PASSED] - verifyElementText(findTestObject("Object Repository/Airbnb Pages/Page_Airbnb  Galway  Holiday Rentals  Place_8e00a8/span_Learn how we sort results"), "Learn how we sort results"): Actual text and expected text of test object 'Object Repository/Airbnb Pages/Page_Airbnb  Galway  Holiday Rentals  Place_8e00a8/span_Learn how we sort results' are matched.

14-12-2024T12:40:26 - [MESSAGE][PASSED] - Actual text and expected text of test object 'Object Repository/Airbnb Pages/Page_Airbnb  Galway  Holiday Rentals  Place_8e00a8/span_Learn how we sort results' are matched.

14-12-2024T12:40:26 - [TEST_STEP][PASSED] - closeBrowser(): Browser is closed

14-12-2024T12:40:26 - [MESSAGE][PASSED] - Browser is closed]]></system-out>
         <system-err><![CDATA[]]></system-err>
      </testcase>
      <system-out><![CDATA[14-12-2024T12:38:38 - [TEST_SUITE][PASSED] - DDT with PostgreSQL: Test Cases/Data-Driven Testing/Find a place]]></system-out>
      <system-err><![CDATA[]]></system-err>
   </testsuite>
</testsuites>
